# Preference setting overrides
gui_create_pref_key -category {Globals} -key {load_detail_for_funcov} -value_type {bool} -value {false}

# State setting overrides
gui_state_default_create -off -ini
gui_set_state_value -category Globals -key recent_databases -value {{gui_open_db -file /home/users6/jp640095/ECE527/Lab1/vcdplus.vpd -design V1} {gui_open_db -file /home/users6/jp640095/526L/Lab2/vcdplus.vpd -design V1} {gui_open_db -file /home/users6/jp640095/526L/Lab9/vcdplus.vpd -design V1} {gui_open_db -file /home/users6/jp640095/526L/Lab9/vcdplus.vpd -design V2} {gui_open_db -file /home/users6/jp640095/526L/Lab8/vcdplus.vpd -design V1}}
gui_set_state_value -category Layout -key child_console_size_x -value 1666
gui_set_state_value -category Layout -key child_console_size_y -value 178
gui_set_state_value -category Layout -key child_data_size_x -value 145
gui_set_state_value -category Layout -key child_data_size_y -value 710
gui_set_state_value -category Layout -key child_hier_col3 -value {-1}
gui_set_state_value -category Layout -key child_hier_colpd -value 0
gui_set_state_value -category Layout -key child_hier_size_x -value 145
gui_set_state_value -category Layout -key child_hier_size_y -value 710
gui_set_state_value -category Layout -key child_schematic_docknewline -value false
gui_set_state_value -category Layout -key child_schematic_pos_x -value {-2}
gui_set_state_value -category Layout -key child_schematic_pos_y -value {-15}
gui_set_state_value -category Layout -key child_schematic_size_x -value 375
gui_set_state_value -category Layout -key child_schematic_size_y -value 401
gui_set_state_value -category Layout -key child_source_docknewline -value false
gui_set_state_value -category Layout -key child_source_pos_x -value {-2}
gui_set_state_value -category Layout -key child_source_pos_y -value {-15}
gui_set_state_value -category Layout -key child_source_size_x -value 1379
gui_set_state_value -category Layout -key child_source_size_y -value 705
gui_set_state_value -category Layout -key child_wave_colname -value 164
gui_set_state_value -category Layout -key child_wave_colvalue -value 164
gui_set_state_value -category Layout -key child_wave_left -value 332
gui_set_state_value -category Layout -key child_wave_right -value 810
gui_set_state_value -category Layout -key main_pos_x -value 25
gui_set_state_value -category Layout -key main_pos_y -value 120
gui_set_state_value -category Layout -key main_size_x -value 1691
gui_set_state_value -category Layout -key main_size_y -value 1080
gui_set_state_value -category Layout -key stand_wave_child_docknewline -value false
gui_set_state_value -category Layout -key stand_wave_child_pos_x -value {-2}
gui_set_state_value -category Layout -key stand_wave_child_pos_y -value {-15}
gui_set_state_value -category Layout -key stand_wave_child_size_x -value 1152
gui_set_state_value -category Layout -key stand_wave_child_size_y -value 860
gui_set_state_value -category Layout -key stand_wave_top_pos_x -value 567
gui_set_state_value -category Layout -key stand_wave_top_pos_y -value 188
gui_set_state_value -category Layout -key stand_wave_top_size_x -value 1714
gui_set_state_value -category Layout -key stand_wave_top_size_y -value 1148
gui_create_state_key -category FindDialog -key m_pMatchCase -value_type bool -value false
gui_create_state_key -category FindDialog -key m_pMatchWord -value_type bool -value false
gui_create_state_key -category FindDialog -key m_pUseCombo -value_type string -value {}
gui_create_state_key -category FindDialog -key m_pWrapAround -value_type bool -value true
gui_state_default_create -off

# Begin command logging
gui_open_db -file /home/users6/jp640095/ECE527/Lab1/vcdplus.vpd -design V1
gui_open_window Wave
gui_list_add -id Wave.1 -from Source.1 { tb_up_down_counter } -insertionbar
gui_close_window -window TopLevel.2
